<?xml version="1.0" encoding="UTF-8"?>
<!-- Generated by org.testng.reporters.JUnitReportReporter -->
<testsuite hostname="DESKTOP-4N6K1OF" failures="0" tests="2" name="com.coordinates.proj.Capstone.CocodinatesAndDropDown" time="18.644" errors="0" timestamp="2024-10-25T15:51:15 IST" skipped="0">
  <testcase classname="com.coordinates.proj.Capstone.CocodinatesAndDropDown" name="dropdownandcoordinates" time="9.813"/>
  <system-out/>
  <testcase classname="com.coordinates.proj.Capstone.CocodinatesAndDropDown" name="dropdownandcoordinates" time="8.831"/>
  <system-out/>
</testsuite> <!-- com.coordinates.proj.Capstone.CocodinatesAndDropDown -->
