<?xml version="1.0" encoding="UTF-8"?>
<!-- Generated by org.testng.reporters.JUnitReportReporter -->
<testsuite hostname="DESKTOP-4N6K1OF" failures="0" tests="2" name="com.calculator.project.Capstone.ButtonBasedCalculator" time="91.486" errors="0" timestamp="2024-11-08T15:33:07 IST" skipped="0">
  <testcase classname="com.calculator.project.Capstone.ButtonBasedCalculator" name="calculator" time="54.810"/>
  <system-out/>
  <testcase classname="com.calculator.project.Capstone.ButtonBasedCalculator" name="calculator" time="36.676"/>
  <system-out/>
</testsuite> <!-- com.calculator.project.Capstone.ButtonBasedCalculator -->
