<?xml version="1.0" encoding="UTF-8"?>
<!-- Generated by org.testng.reporters.JUnitReportReporter -->
<testsuite hostname="DESKTOP-4N6K1OF" failures="0" tests="4" name="com.coordinates.proj.Capstone.CocodinatesAndDropDown" time="103.926" errors="0" timestamp="2024-11-08T15:33:07 IST" skipped="0">
  <testcase classname="com.coordinates.proj.Capstone.CocodinatesAndDropDown" name="dropdownandcoordinates" time="15.305"/>
  <system-out/>
  <testcase classname="com.coordinates.proj.Capstone.CocodinatesAndDropDown" name="dropdownandcoordinates" time="34.359"/>
  <system-out/>
  <testcase classname="com.coordinates.proj.Capstone.CocodinatesAndDropDown" name="dropdownandcoordinates" time="17.849"/>
  <system-out/>
  <testcase classname="com.coordinates.proj.Capstone.CocodinatesAndDropDown" name="dropdownandcoordinates" time="36.413"/>
  <system-out/>
</testsuite> <!-- com.coordinates.proj.Capstone.CocodinatesAndDropDown -->
