<?xml version="1.0" encoding="UTF-8"?>
<!-- Generated by org.testng.reporters.JUnitReportReporter -->
<testsuite hostname="DESKTOP-4N6K1OF" failures="0" tests="2" name="com.timer.proj.capstone.CountDownTimer" time="44.693" errors="0" timestamp="2024-11-08T15:33:07 IST" skipped="0">
  <testcase classname="com.timer.proj.capstone.CountDownTimer" name="timer" time="25.691"/>
  <system-out/>
  <testcase classname="com.timer.proj.capstone.CountDownTimer" name="timer" time="19.002"/>
  <system-out/>
</testsuite> <!-- com.timer.proj.capstone.CountDownTimer -->
