<?xml version="1.0" encoding="UTF-8"?>
<!-- Generated by org.testng.reporters.JUnitReportReporter -->
<testsuite hostname="DESKTOP-4N6K1OF" failures="0" tests="2" name="com.alert.proj.Capstone.AlertDemo" time="40.455" errors="0" timestamp="2024-11-08T15:33:07 IST" skipped="0">
  <testcase classname="com.alert.proj.Capstone.AlertDemo" name="handleAlert" time="17.380"/>
  <system-out/>
  <testcase classname="com.alert.proj.Capstone.AlertDemo" name="handleAlert" time="23.075"/>
  <system-out/>
</testsuite> <!-- com.alert.proj.Capstone.AlertDemo -->
