<?xml version="1.0" encoding="UTF-8"?>
<!-- Generated by org.testng.reporters.JUnitReportReporter -->
<testsuite hostname="DESKTOP-4N6K1OF" failures="0" tests="1" name="com.timer.proj.capstone.CountDownTimer" time="11.865" errors="0" timestamp="2024-10-25T15:59:02 IST" skipped="0">
  <testcase classname="com.timer.proj.capstone.CountDownTimer" name="timer" time="11.865"/>
  <system-out/>
</testsuite> <!-- com.timer.proj.capstone.CountDownTimer -->
