<?xml version="1.0" encoding="UTF-8"?>
<!-- Generated by org.testng.reporters.JUnitReportReporter -->
<testsuite hostname="DESKTOP-4N6K1OF" failures="0" tests="1" name="com.popups.proj.Capstone.Popups" time="37.340" errors="0" timestamp="2024-11-08T15:33:07 IST" skipped="0">
  <testcase classname="com.popups.proj.Capstone.Popups" name="handleAlerts" time="37.340"/>
  <system-out/>
</testsuite> <!-- com.popups.proj.Capstone.Popups -->
