<?xml version="1.0" encoding="UTF-8"?>
<!-- Generated by org.testng.reporters.JUnitReportReporter -->
<testsuite hostname="DESKTOP-4N6K1OF" failures="0" tests="1" name="com.calculator.project.Capstone.ButtonBasedCalculator" time="25.804" errors="0" timestamp="2024-10-25T16:13:53 IST" skipped="0">
  <testcase classname="com.calculator.project.Capstone.ButtonBasedCalculator" name="calculator" time="25.804"/>
  <system-out/>
</testsuite> <!-- com.calculator.project.Capstone.ButtonBasedCalculator -->
