<?xml version="1.0" encoding="UTF-8"?>
<!-- Generated by org.testng.reporters.JUnitReportReporter -->
<testsuite hostname="DESKTOP-4N6K1OF" failures="0" tests="1" name="com.alert.proj.Capstone.AlertDemo" time="10.268" errors="0" timestamp="2024-10-25T16:14:16 IST" skipped="0">
  <testcase classname="com.alert.proj.Capstone.AlertDemo" name="handleAlert" time="10.268"/>
  <system-out/>
</testsuite> <!-- com.alert.proj.Capstone.AlertDemo -->
